<?xml version="1.0" encoding="UTF-8"?>
<!-- Generated by org.testng.reporters.JUnitReportReporter -->
<testsuite skipped="0" hostname="DESKTOP-KUCKB7O" name="d19_09_2022.BootstrapTableTests" tests="3" failures="0" timestamp="2022-09-20T10:53:12 CEST" time="9.180" errors="0">
  <testcase name="editRow" time="4.269" classname="d19_09_2022.BootstrapTableTests"/>
  <system-out/>
  <testcase name="deleteRows" time="2.483" classname="d19_09_2022.BootstrapTableTests"/>
  <system-out/>
  <testcase name="TakeAScreenshot" time="2.428" classname="d19_09_2022.BootstrapTableTests"/>
  <system-out/>
</testsuite> <!-- d19_09_2022.BootstrapTableTests -->
