<?xml version="1.0" encoding="UTF-8"?>
<!-- Generated by org.testng.reporters.JUnitReportReporter -->
<testsuite skipped="0" hostname="DESKTOP-KUCKB7O" name="d20_09_2022tests.AutomationPracticeTests" tests="1" failures="0" timestamp="2022-09-22T09:58:49 CEST" time="21.454" errors="0">
  <testcase name="topMenuMouseOver" time="21.454" classname="d20_09_2022tests.AutomationPracticeTests"/>
  <system-out/>
</testsuite> <!-- d20_09_2022tests.AutomationPracticeTests -->
