<?xml version="1.0" encoding="UTF-8"?>
<!-- Generated by org.testng.reporters.JUnitReportReporter -->
<testsuite skipped="0" hostname="DESKTOP-KUCKB7O" name="p19_09_2022.UvodTestNg" tests="1" failures="0" timestamp="2022-09-19T18:36:35 CEST" time="0.009" errors="0">
  <testcase name="test1" time="0.009" classname="p19_09_2022.UvodTestNg"/>
  <system-out/>
</testsuite> <!-- p19_09_2022.UvodTestNg -->
