<?xml version="1.0" encoding="UTF-8"?>
<!-- Generated by org.testng.reporters.JUnitReportReporter -->
<testsuite skipped="0" hostname="DESKTOP-KUCKB7O" name="d20_09_2022tests.AutomationPracticeTests" tests="1" failures="0" timestamp="2022-09-21T15:42:34 CEST" time="16.685" errors="0">
  <testcase name="headerLinksCheck" time="16.685" classname="d20_09_2022tests.AutomationPracticeTests"/>
  <system-out/>
</testsuite> <!-- d20_09_2022tests.AutomationPracticeTests -->
